[debug] [2020-03-06T13:16:00.065Z] ----------------------------------------------------------------------
[debug] [2020-03-06T13:16:00.067Z] Command:       C:\Program Files\nodejs\node.exe C:\Users\sarathi kannan\AppData\Roaming\npm\node_modules\firebase-tools\lib\bin\firebase.js init
[debug] [2020-03-06T13:16:00.067Z] CLI Version:   7.14.0
[debug] [2020-03-06T13:16:00.067Z] Platform:      win32
[debug] [2020-03-06T13:16:00.067Z] Node Version:  v12.13.1
[debug] [2020-03-06T13:16:00.068Z] Time:          Fri Mar 06 2020 18:46:00 GMT+0530 (India Standard Time)
[debug] [2020-03-06T13:16:00.068Z] ----------------------------------------------------------------------
[debug] [2020-03-06T13:16:00.069Z] 
[debug] [2020-03-06T13:16:00.076Z] > command requires scopes: ["email","openid","https://www.googleapis.com/auth/cloudplatformprojects.readonly","https://www.googleapis.com/auth/firebase","https://www.googleapis.com/auth/cloud-platform"]
[debug] [2020-03-06T13:16:00.077Z] > authorizing via signed-in user
[info] 
     ######## #### ########  ######## ########     ###     ######  ########
     ##        ##  ##     ## ##       ##     ##  ##   ##  ##       ##
     ######    ##  ########  ######   ########  #########  ######  ######
     ##        ##  ##    ##  ##       ##     ## ##     ##       ## ##
     ##       #### ##     ## ######## ########  ##     ##  ######  ########

You're about to initialize a Firebase project in this directory:

  C:\Users\sarathi kannan\Desktop\dockero

[info] 
=== Project Setup
[info] 
[info] First, let's associate this project directory with a Firebase project.
[info] You can create multiple project aliases by running firebase use --add, 
[info] but for now we'll just set up a default project.
[info] 
[info] i  If you want to create a project in a Google Cloud organization or folder, please use "firebase projects:create" instead, and return to this command when you've created the project.
[debug] [2020-03-06T13:16:33.457Z] > refreshing access token with scopes: ["email","https://www.googleapis.com/auth/cloud-platform","https://www.googleapis.com/auth/cloudplatformprojects.readonly","https://www.googleapis.com/auth/firebase","openid"]
[debug] [2020-03-06T13:16:33.458Z] >>> HTTP REQUEST POST https://www.googleapis.com/oauth2/v3/token  
 <request body omitted>
[debug] [2020-03-06T13:16:33.924Z] <<< HTTP RESPONSE 200
[debug] [2020-03-06T13:16:34.012Z] >>> HTTP REQUEST POST https://cloudresourcemanager.googleapis.com/v1/projects  

[debug] [2020-03-06T13:16:36.989Z] <<< HTTP RESPONSE 400
[debug] [2020-03-06T13:16:36.989Z] <<< HTTP RESPONSE BODY
[debug] [2020-03-06T13:16:36.990Z] HTTP Error: 400, field [display_name] has issue [project display name contains invalid characters]
[debug] [2020-03-06T13:16:37.390Z] FirebaseError: HTTP Error: 400, field [display_name] has issue [project display name contains invalid characters]
    at module.exports (C:\Users\sarathi kannan\AppData\Roaming\npm\node_modules\firebase-tools\lib\responseToError.js:38:12)
    at Request._callback (C:\Users\sarathi kannan\AppData\Roaming\npm\node_modules\firebase-tools\lib\api.js:39:35)
    at Request.self.callback (C:\Users\sarathi kannan\AppData\Roaming\npm\node_modules\firebase-tools\node_modules\request\request.js:185:22)
    at Request.emit (events.js:210:5)
    at Request.EventEmitter.emit (domain.js:475:20)
    at Request.<anonymous> (C:\Users\sarathi kannan\AppData\Roaming\npm\node_modules\firebase-tools\node_modules\request\request.js:1154:10)
    at Request.emit (events.js:210:5)
    at Request.EventEmitter.emit (domain.js:475:20)
    at IncomingMessage.<anonymous> (C:\Users\sarathi kannan\AppData\Roaming\npm\node_modules\firebase-tools\node_modules\request\request.js:1076:12)
    at Object.onceWrapper (events.js:299:28)
    at IncomingMessage.emit (events.js:215:7)
    at IncomingMessage.EventEmitter.emit (domain.js:475:20)
    at endReadableNT (_stream_readable.js:1184:12)
    at processTicksAndRejections (internal/process/task_queues.js:80:21)
[error] 
[error] Error: Failed to create Google Cloud project. See firebase-debug.log for more info.
[debug] [2020-03-06T13:16:59.052Z] ----------------------------------------------------------------------
[debug] [2020-03-06T13:16:59.054Z] Command:       C:\Program Files\nodejs\node.exe C:\Users\sarathi kannan\AppData\Roaming\npm\node_modules\firebase-tools\lib\bin\firebase.js init
[debug] [2020-03-06T13:16:59.054Z] CLI Version:   7.14.0
[debug] [2020-03-06T13:16:59.054Z] Platform:      win32
[debug] [2020-03-06T13:16:59.054Z] Node Version:  v12.13.1
[debug] [2020-03-06T13:16:59.055Z] Time:          Fri Mar 06 2020 18:46:59 GMT+0530 (India Standard Time)
[debug] [2020-03-06T13:16:59.055Z] ----------------------------------------------------------------------
[debug] [2020-03-06T13:16:59.055Z] 
[debug] [2020-03-06T13:16:59.062Z] > command requires scopes: ["email","openid","https://www.googleapis.com/auth/cloudplatformprojects.readonly","https://www.googleapis.com/auth/firebase","https://www.googleapis.com/auth/cloud-platform"]
[debug] [2020-03-06T13:16:59.063Z] > authorizing via signed-in user
[info] 
     ######## #### ########  ######## ########     ###     ######  ########
     ##        ##  ##     ## ##       ##     ##  ##   ##  ##       ##
     ######    ##  ########  ######   ########  #########  ######  ######
     ##        ##  ##    ##  ##       ##     ## ##     ##       ## ##
     ##       #### ##     ## ######## ########  ##     ##  ######  ########

You're about to initialize a Firebase project in this directory:

  C:\Users\sarathi kannan\Desktop\dockero

[info] 
=== Project Setup
[info] 
[info] First, let's associate this project directory with a Firebase project.
[info] You can create multiple project aliases by running firebase use --add, 
[info] but for now we'll just set up a default project.
[info] 
[info] i  If you want to create a project in a Google Cloud organization or folder, please use "firebase projects:create" instead, and return to this command when you've created the project.
[debug] [2020-03-06T13:17:21.787Z] >>> HTTP REQUEST POST https://cloudresourcemanager.googleapis.com/v1/projects  

[debug] [2020-03-06T13:17:23.414Z] <<< HTTP RESPONSE 400
[debug] [2020-03-06T13:17:23.414Z] <<< HTTP RESPONSE BODY
[debug] [2020-03-06T13:17:23.416Z] HTTP Error: 400, field [project_id] has issue [project_id contains invalid characters]
[debug] [2020-03-06T13:17:23.693Z] FirebaseError: HTTP Error: 400, field [project_id] has issue [project_id contains invalid characters]
    at module.exports (C:\Users\sarathi kannan\AppData\Roaming\npm\node_modules\firebase-tools\lib\responseToError.js:38:12)
    at Request._callback (C:\Users\sarathi kannan\AppData\Roaming\npm\node_modules\firebase-tools\lib\api.js:39:35)
    at Request.self.callback (C:\Users\sarathi kannan\AppData\Roaming\npm\node_modules\firebase-tools\node_modules\request\request.js:185:22)
    at Request.emit (events.js:210:5)
    at Request.EventEmitter.emit (domain.js:475:20)
    at Request.<anonymous> (C:\Users\sarathi kannan\AppData\Roaming\npm\node_modules\firebase-tools\node_modules\request\request.js:1154:10)
    at Request.emit (events.js:210:5)
    at Request.EventEmitter.emit (domain.js:475:20)
    at IncomingMessage.<anonymous> (C:\Users\sarathi kannan\AppData\Roaming\npm\node_modules\firebase-tools\node_modules\request\request.js:1076:12)
    at Object.onceWrapper (events.js:299:28)
    at IncomingMessage.emit (events.js:215:7)
    at IncomingMessage.EventEmitter.emit (domain.js:475:20)
    at endReadableNT (_stream_readable.js:1184:12)
    at processTicksAndRejections (internal/process/task_queues.js:80:21)
[error] 
[error] Error: Failed to create Google Cloud project. See firebase-debug.log for more info.
[debug] [2020-03-06T13:19:20.788Z] ----------------------------------------------------------------------
[debug] [2020-03-06T13:19:20.790Z] Command:       C:\Program Files\nodejs\node.exe C:\Users\sarathi kannan\AppData\Roaming\npm\node_modules\firebase-tools\lib\bin\firebase.js init
[debug] [2020-03-06T13:19:20.790Z] CLI Version:   7.14.0
[debug] [2020-03-06T13:19:20.790Z] Platform:      win32
[debug] [2020-03-06T13:19:20.790Z] Node Version:  v12.13.1
[debug] [2020-03-06T13:19:20.791Z] Time:          Fri Mar 06 2020 18:49:20 GMT+0530 (India Standard Time)
[debug] [2020-03-06T13:19:20.791Z] ----------------------------------------------------------------------
[debug] [2020-03-06T13:19:20.791Z] 
[debug] [2020-03-06T13:19:20.800Z] > command requires scopes: ["email","openid","https://www.googleapis.com/auth/cloudplatformprojects.readonly","https://www.googleapis.com/auth/firebase","https://www.googleapis.com/auth/cloud-platform"]
[debug] [2020-03-06T13:19:20.801Z] > authorizing via signed-in user
[info] 
     ######## #### ########  ######## ########     ###     ######  ########
     ##        ##  ##     ## ##       ##     ##  ##   ##  ##       ##
     ######    ##  ########  ######   ########  #########  ######  ######
     ##        ##  ##    ##  ##       ##     ## ##     ##       ## ##
     ##       #### ##     ## ######## ########  ##     ##  ######  ########

You're about to initialize a Firebase project in this directory:

  C:\Users\sarathi kannan\Desktop\dockero

[info] 
=== Project Setup
[info] 
[info] First, let's associate this project directory with a Firebase project.
[info] You can create multiple project aliases by running firebase use --add, 
[info] but for now we'll just set up a default project.
[info] 
[info] i  If you want to create a project in a Google Cloud organization or folder, please use "firebase projects:create" instead, and return to this command when you've created the project.
[debug] [2020-03-06T13:19:40.336Z] >>> HTTP REQUEST POST https://cloudresourcemanager.googleapis.com/v1/projects  

[debug] [2020-03-06T13:19:41.887Z] <<< HTTP RESPONSE 400
[debug] [2020-03-06T13:19:41.888Z] <<< HTTP RESPONSE BODY
[debug] [2020-03-06T13:19:41.891Z] HTTP Error: 400, Request contains an invalid argument.
[debug] [2020-03-06T13:19:42.165Z] FirebaseError: HTTP Error: 400, Request contains an invalid argument.
    at module.exports (C:\Users\sarathi kannan\AppData\Roaming\npm\node_modules\firebase-tools\lib\responseToError.js:38:12)
    at Request._callback (C:\Users\sarathi kannan\AppData\Roaming\npm\node_modules\firebase-tools\lib\api.js:39:35)
    at Request.self.callback (C:\Users\sarathi kannan\AppData\Roaming\npm\node_modules\firebase-tools\node_modules\request\request.js:185:22)
    at Request.emit (events.js:210:5)
    at Request.EventEmitter.emit (domain.js:475:20)
    at Request.<anonymous> (C:\Users\sarathi kannan\AppData\Roaming\npm\node_modules\firebase-tools\node_modules\request\request.js:1154:10)
    at Request.emit (events.js:210:5)
    at Request.EventEmitter.emit (domain.js:475:20)
    at IncomingMessage.<anonymous> (C:\Users\sarathi kannan\AppData\Roaming\npm\node_modules\firebase-tools\node_modules\request\request.js:1076:12)
    at Object.onceWrapper (events.js:299:28)
    at IncomingMessage.emit (events.js:215:7)
    at IncomingMessage.EventEmitter.emit (domain.js:475:20)
    at endReadableNT (_stream_readable.js:1184:12)
    at processTicksAndRejections (internal/process/task_queues.js:80:21)
[error] 
[error] Error: Failed to create Google Cloud project. See firebase-debug.log for more info.
